<?xml version="1.0" encoding="UTF-8"?>
<!-- Generated by org.testng.reporters.JUnitXMLReporter -->
<testsuite ignored="0" hostname="EC2AMAZ-S11DBRH" failures="0" tests="8" name="ModuleOneTest" time="0.073" errors="0" timestamp="2024-04-26T07:59:18 GMT">
  <testcase classname="ParallelScripts.SampleOneTest" name="testThree" time="0.011"/>
  <testcase classname="ParallelScripts.SampleOneTest" name="testOne" time="0.011"/>
  <testcase classname="ParallelScripts.SampleOneTest" name="testFour" time="0.011"/>
  <testcase classname="ParallelScripts.SampleTwoTest" name="testFour" time="0.003"/>
  <testcase classname="ParallelScripts.SampleOneTest" name="testTwo" time="0.006"/>
  <testcase classname="ParallelScripts.SampleTwoTest" name="testOne" time="0.005"/>
  <testcase classname="ParallelScripts.SampleTwoTest" name="testThree" time="0.002"/>
  <testcase classname="ParallelScripts.SampleTwoTest" name="testTwo" time="0.003"/>
</testsuite> <!-- ModuleOneTest -->
