<?xml version="1.0" encoding="UTF-8"?>
<!-- Generated by org.testng.reporters.JUnitXMLReporter -->
<testsuite ignored="6" hostname="EC2AMAZ-S11DBRH" failures="0" tests="2" name="ModuleOneTest" time="0.056" errors="0" timestamp="2024-04-26T07:38:00 GMT">
  <testcase classname="testScripts.SampleTwoTest" name="testFour" time="0.01"/>
  <testcase classname="testScripts.SampleThreeTest" name="testFour" time="0.002"/>
  <testcase classname="testScripts.SampleTwoTest" name="testThree" time="0.0">
    <ignored/>
  </testcase> <!-- testThree -->
  <testcase classname="testScripts.SampleThreeTest" name="testOne" time="0.0">
    <ignored/>
  </testcase> <!-- testOne -->
  <testcase classname="testScripts.SampleTwoTest" name="testOne" time="0.0">
    <ignored/>
  </testcase> <!-- testOne -->
  <testcase classname="testScripts.SampleThreeTest" name="testThree" time="0.0">
    <ignored/>
  </testcase> <!-- testThree -->
  <testcase classname="testScripts.SampleTwoTest" name="testTwo" time="0.0">
    <ignored/>
  </testcase> <!-- testTwo -->
  <testcase classname="testScripts.SampleThreeTest" name="testTwo" time="0.0">
    <ignored/>
  </testcase> <!-- testTwo -->
</testsuite> <!-- ModuleOneTest -->
