<?xml version="1.0" encoding="UTF-8"?>
<testng-results ignored="0" total="1" passed="1" failed="0" skipped="0">
  <reporter-output>
  </reporter-output>
  <suite started-at="2024-04-25T07:16:01 GMT" name="Default suite" finished-at="2024-04-25T07:16:06 GMT" duration-ms="4627">
    <groups>
    </groups>
    <test started-at="2024-04-25T07:16:01 GMT" name="Default test" finished-at="2024-04-25T07:16:06 GMT" duration-ms="4627">
      <class name="testScripts.GooglePageTest">
        <test-method signature="javaSearchTest()[pri:0, instance:testScripts.GooglePageTest@2cdd0d4b]" started-at="2024-04-25T07:16:02 GMT" name="javaSearchTest" finished-at="2024-04-25T07:16:06 GMT" duration-ms="4581" status="PASS">
          <reporter-output>
          </reporter-output>
        </test-method> <!-- javaSearchTest -->
      </class> <!-- testScripts.GooglePageTest -->
    </test> <!-- Default test -->
  </suite> <!-- Default suite -->
</testng-results>
